<?xml version="1.0" encoding="UTF-8"?>
<testsuite xmlns:xsi="http://www.w3.org/2001/XMLSchema-instance" xsi:noNamespaceSchemaLocation="https://maven.apache.org/surefire/maven-surefire-plugin/xsd/surefire-test-report-3.0.xsd" version="3.0" name="assignment.SkillRuleTest" time="0.0" tests="4" errors="0" skipped="0" failures="0">
  <properties>
[...]
</properties>
  <testcase name="returnsZeroWhenNoSkillMatches" classname="assignment.SkillRuleTest" time="0.0"/>
  <testcase name="explanationIsProducedAfterEvaluation" classname="assignment.SkillRuleTest" time="0.0"/>
  <testcase name="scoresTenPointsPerMatchedSkill" classname="assignment.SkillRuleTest" time="0.0"/>
  <testcase name="scoresFullMarksWhenAllSkillsMatch" classname="assignment.SkillRuleTest" time="0.0"/>
</testsuite>